-------------------------------------------------------------------------------
Test set: order_tests.CreateOrderTests
-------------------------------------------------------------------------------
Tests run: 5, Failures: 1, Errors: 0, Skipped: 0, Time elapsed: 10.57 s <<< FAILURE! - in order_tests.CreateOrderTests
createOrderWithoutIngredients(order_tests.CreateOrderTests)  Time elapsed: 0.221 s  <<< FAILURE!
java.lang.AssertionError: 
1 expectation failed.
Expected status code <400> but was <500>.

	at order_tests.CreateOrderTests.createOrderWithoutIngredients(CreateOrderTests.java:45)

