<?xml version="1.0" encoding="UTF-8"?>
<testsuite xmlns:xsi="http://www.w3.org/2001/XMLSchema-instance" xsi:noNamespaceSchemaLocation="https://maven.apache.org/surefire/maven-surefire-plugin/xsd/surefire-test-report.xsd" name="user_tests.ChangeUserDataTests" time="1.477" tests="2" errors="0" skipped="0" failures="1">
  <properties>
[...]
</properties>
  <testcase name="UpdateUserDataWithAuthorization" classname="user_tests.ChangeUserDataTests" time="1.043">
    <failure message="1 expectation failed.&#10;Expected status code &lt;200&gt; but was &lt;403&gt;.&#10;" type="java.lang.AssertionError"><![CDATA[java.lang.AssertionError: 
1 expectation failed.
Expected status code <200> but was <403>.

	at user_tests.ChangeUserDataTests.UpdateUserDataWithAuthorization(ChangeUserDataTests.java:26)
]]></failure>
    <system-out><![CDATA[Request method:	POST
Request URI:	https://stellarburgers.nomoreparties.site/api/auth/login
Proxy:			<none>
Request params:	<none>
Query params:	<none>
Form params:	<none>
Path params:	<none>
Headers:		Accept=*/*
				Content-Type=application/json
Cookies:		<none>
Multiparts:		<none>
Body:
{
    "email": "marco.swaniawski@yahoo.com",
    "password": "32f07773-38d4-44d6-bffc-91817d21da1d",
    "name": "Andrew Altenwerth I"
}
HTTP/1.1 401 Unauthorized
Server: nginx/1.18.0 (Ubuntu)
Date: Wed, 05 Feb 2025 11:35:53 GMT
Content-Type: application/json; charset=utf-8
Content-Length: 61
Connection: keep-alive
X-Powered-By: Express
Access-Control-Allow-Origin: *
ETag: W/"3d-ad9nrqlzQBuoZ0AId1U3rIgKU84"

{
    "success": false,
    "message": "email or password are incorrect"
}
HTTP/1.1 401 Unauthorized
Server: nginx/1.18.0 (Ubuntu)
Date: Wed, 05 Feb 2025 11:35:53 GMT
Content-Type: application/json; charset=utf-8
Content-Length: 61
Connection: keep-alive
X-Powered-By: Express
Access-Control-Allow-Origin: *
ETag: W/"3d-ad9nrqlzQBuoZ0AId1U3rIgKU84"

{
    "success": false,
    "message": "email or password are incorrect"
}
Request method:	POST
Request URI:	https://stellarburgers.nomoreparties.site/api/auth/login
Proxy:			<none>
Request params:	<none>
Query params:	<none>
Form params:	<none>
Path params:	<none>
Headers:		Accept=*/*
				Content-Type=application/json
Cookies:		<none>
Multiparts:		<none>
Body:
{
    "email": "ira.fesenko@yandex.ru",
    "password": "123456",
    "name": "IFesenko"
}
HTTP/1.1 200 OK
Server: nginx/1.18.0 (Ubuntu)
Date: Wed, 05 Feb 2025 11:35:53 GMT
Content-Type: application/json; charset=utf-8
Content-Length: 368
Connection: keep-alive
X-Powered-By: Express
Access-Control-Allow-Origin: *
ETag: W/"170-QQ2EKL7YTtrSDSqMXvcYkUkhp3I"

{
    "success": true,
    "accessToken": "Bearer eyJhbGciOiJIUzI1NiIsInR5cCI6IkpXVCJ9.eyJpZCI6IjY3YTBlZDg0OWVkMjgwMDAxYjU2MGRlYSIsImlhdCI6MTczODc1NTM1MywiZXhwIjoxNzM4NzU2NTUzfQ.BY_V6b0N8BG-osbQTulRB9Is97uM8ecWsnhHnEHUduE",
    "refreshToken": "87e5b68653318ab8d6c2bc44bd1047704a9f43a8f8580389dbfbb501eb17af7a8cd4c662a12d8341",
    "user": {
        "email": "ira.fesenko@yandex.ru",
        "name": "IFesenko"
    }
}
Request method:	GET
Request URI:	https://stellarburgers.nomoreparties.site/api/auth/user
Proxy:			<none>
Request params:	<none>
Query params:	<none>
Form params:	<none>
Path params:	<none>
Headers:		Authorization=Bearer eyJhbGciOiJIUzI1NiIsInR5cCI6IkpXVCJ9.eyJpZCI6IjY3YTBlZDg0OWVkMjgwMDAxYjU2MGRlYSIsImlhdCI6MTczODc1NTM1MywiZXhwIjoxNzM4NzU2NTUzfQ.BY_V6b0N8BG-osbQTulRB9Is97uM8ecWsnhHnEHUduE
				Accept=*/*
				Content-Type=application/json
Cookies:		<none>
Multiparts:		<none>
Body:			<none>
HTTP/1.1 200 OK
Server: nginx/1.18.0 (Ubuntu)
Date: Wed, 05 Feb 2025 11:35:53 GMT
Content-Type: application/json; charset=utf-8
Content-Length: 75
Connection: keep-alive
X-Powered-By: Express
Access-Control-Allow-Origin: *
ETag: W/"4b-Nq9JIamNTd35fLY5EvuqE+Ppv2c"

{
    "success": true,
    "user": {
        "email": "ira.fesenko@yandex.ru",
        "name": "IFesenko"
    }
}
Request method:	PATCH
Request URI:	https://stellarburgers.nomoreparties.site/api/auth/user
Proxy:			<none>
Request params:	<none>
Query params:	<none>
Form params:	<none>
Path params:	<none>
Headers:		Authorization=Bearer eyJhbGciOiJIUzI1NiIsInR5cCI6IkpXVCJ9.eyJpZCI6IjY3YTBlZDg0OWVkMjgwMDAxYjU2MGRlYSIsImlhdCI6MTczODc1NTM1MywiZXhwIjoxNzM4NzU2NTUzfQ.BY_V6b0N8BG-osbQTulRB9Is97uM8ecWsnhHnEHUduE
				Accept=*/*
				Content-Type=application/json
Cookies:		<none>
Multiparts:		<none>
Body:
{
    "email": "email@new1.com",
    "name": "NewName1"
}
HTTP/1.1 403 Forbidden
Server: nginx/1.18.0 (Ubuntu)
Date: Wed, 05 Feb 2025 11:35:54 GMT
Content-Type: application/json; charset=utf-8
Content-Length: 65
Connection: keep-alive
X-Powered-By: Express
Access-Control-Allow-Origin: *
ETag: W/"41-eZH3ZbBMztYv8k3jaFBzQ6OQlu8"

{
    "success": false,
    "message": "User with such email already exists"
}
HTTP/1.1 403 Forbidden
Server: nginx/1.18.0 (Ubuntu)
Date: Wed, 05 Feb 2025 11:35:54 GMT
Content-Type: application/json; charset=utf-8
Content-Length: 65
Connection: keep-alive
X-Powered-By: Express
Access-Control-Allow-Origin: *
ETag: W/"41-eZH3ZbBMztYv8k3jaFBzQ6OQlu8"

{
    "success": false,
    "message": "User with such email already exists"
}
Request method:	POST
Request URI:	https://stellarburgers.nomoreparties.site/api/auth/login
Proxy:			<none>
Request params:	<none>
Query params:	<none>
Form params:	<none>
Path params:	<none>
Headers:		Accept=*/*
				Content-Type=application/json
Cookies:		<none>
Multiparts:		<none>
Body:
{
    "email": "cinda.hickle@hotmail.com",
    "password": "39a2125e-3920-4549-a581-fcde8137dbf6",
    "name": "Randy Gusikowski"
}
HTTP/1.1 401 Unauthorized
Server: nginx/1.18.0 (Ubuntu)
Date: Wed, 05 Feb 2025 11:35:54 GMT
Content-Type: application/json; charset=utf-8
Content-Length: 61
Connection: keep-alive
X-Powered-By: Express
Access-Control-Allow-Origin: *
ETag: W/"3d-ad9nrqlzQBuoZ0AId1U3rIgKU84"

{
    "success": false,
    "message": "email or password are incorrect"
}
HTTP/1.1 401 Unauthorized
Server: nginx/1.18.0 (Ubuntu)
Date: Wed, 05 Feb 2025 11:35:54 GMT
Content-Type: application/json; charset=utf-8
Content-Length: 61
Connection: keep-alive
X-Powered-By: Express
Access-Control-Allow-Origin: *
ETag: W/"3d-ad9nrqlzQBuoZ0AId1U3rIgKU84"

{
    "success": false,
    "message": "email or password are incorrect"
}
]]></system-out>
  </testcase>
  <testcase name="UpdateUserDataWithoutAuthorization" classname="user_tests.ChangeUserDataTests" time="0.416"/>
</testsuite>